<?xml version="1.0" encoding="UTF-8" ?>
<testsuite errors="0" failures="0" hostname="Carlos" name="testingpractice.UsuarioSpec" tests="6" time="3.049" timestamp="2015-10-20T05:09:37">
  <properties />
  <testcase classname="testingpractice.UsuarioSpec" name="Prueba de nombre" time="1.468" />
  <testcase classname="testingpractice.UsuarioSpec" name="Prueba apellido" time="0.59" />
  <testcase classname="testingpractice.UsuarioSpec" name="Prueba de edad" time="0.174" />
  <testcase classname="testingpractice.UsuarioSpec" name="Prueba genero" time="0.385" />
  <testcase classname="testingpractice.UsuarioSpec" name="Prueba cedula" time="0.142" />
  <testcase classname="testingpractice.UsuarioSpec" name="test cedula unica" time="0.25" />
  <system-out><![CDATA[--Output from Prueba de nombre--
--Output from Prueba apellido--
--Output from Prueba de edad--
--Output from Prueba genero--
--Output from Prueba cedula--
--Output from test cedula unica--
]]></system-out>
  <system-err><![CDATA[--Output from Prueba de nombre--
--Output from Prueba apellido--
--Output from Prueba de edad--
--Output from Prueba genero--
--Output from Prueba cedula--
--Output from test cedula unica--
]]></system-err>
</testsuite>
