<?xml version="1.0" encoding="UTF-8" ?>
<testsuite errors="0" failures="0" hostname="Carlos" name="testingpractice.ProfesorSpec" tests="2" time="1.215" timestamp="2015-10-20T04:57:07">
  <properties />
  <testcase classname="testingpractice.ProfesorSpec" name="test oficina" time="0.973" />
  <testcase classname="testingpractice.ProfesorSpec" name="test lista" time="0.173" />
  <system-out><![CDATA[--Output from test oficina--
--Output from test lista--
]]></system-out>
  <system-err><![CDATA[--Output from test oficina--
--Output from test lista--
]]></system-err>
</testsuite>
