<?xml version="1.0" encoding="UTF-8" ?>
<testsuite errors="0" failures="0" hostname="DESKTOP-R17KCH0" name="testingpractice.EstudianteSpec" tests="2" time="1.825" timestamp="2015-10-19T14:53:46">
  <properties />
  <testcase classname="testingpractice.EstudianteSpec" name="test semestre" time="1.639" />
  <testcase classname="testingpractice.EstudianteSpec" name="test codigo institucional" time="0.147" />
  <system-out><![CDATA[--Output from test semestre--
--Output from test codigo institucional--
]]></system-out>
  <system-err><![CDATA[--Output from test semestre--
--Output from test codigo institucional--
]]></system-err>
</testsuite>
