<?xml version="1.0" encoding="UTF-8" ?>
<testsuite errors="0" failures="0" hostname="Carlos" name="testingpractice.ProfesorSpec" tests="2" time="1.339" timestamp="2015-10-20T05:09:34">
  <properties />
  <testcase classname="testingpractice.ProfesorSpec" name="test oficina" time="1.164" />
  <testcase classname="testingpractice.ProfesorSpec" name="test lista" time="0.123" />
  <system-out><![CDATA[--Output from test oficina--
--Output from test lista--
]]></system-out>
  <system-err><![CDATA[--Output from test oficina--
--Output from test lista--
]]></system-err>
</testsuite>
