<?xml version="1.0" encoding="UTF-8" ?>
<testsuite errors="0" failures="0" hostname="DESKTOP-R17KCH0" name="testingpractice.UsuarioSpec" tests="5" time="1.873" timestamp="2015-10-19T14:53:48">
  <properties />
  <testcase classname="testingpractice.UsuarioSpec" name="Prueba de nombre" time="1.021" />
  <testcase classname="testingpractice.UsuarioSpec" name="Prueba apellido" time="0.458" />
  <testcase classname="testingpractice.UsuarioSpec" name="Prueba de edad" time="0.158" />
  <testcase classname="testingpractice.UsuarioSpec" name="Prueba genero" time="0.125" />
  <testcase classname="testingpractice.UsuarioSpec" name="Prueba cedula" time="0.074" />
  <system-out><![CDATA[--Output from Prueba de nombre--
--Output from Prueba apellido--
--Output from Prueba de edad--
--Output from Prueba genero--
--Output from Prueba cedula--
]]></system-out>
  <system-err><![CDATA[--Output from Prueba de nombre--
--Output from Prueba apellido--
--Output from Prueba de edad--
--Output from Prueba genero--
--Output from Prueba cedula--
]]></system-err>
</testsuite>
