<?xml version="1.0" encoding="UTF-8" ?>
<testsuite errors="0" failures="0" hostname="Carlos" name="testingpractice.EstudianteSpec" tests="3" time="1.66" timestamp="2015-10-20T05:09:30">
  <properties />
  <testcase classname="testingpractice.EstudianteSpec" name="test lista" time="0.554" />
  <testcase classname="testingpractice.EstudianteSpec" name="test semestre" time="0.699" />
  <testcase classname="testingpractice.EstudianteSpec" name="test codigo institucional" time="0.349" />
  <system-out><![CDATA[--Output from test lista--
--Output from test semestre--
--Output from test codigo institucional--
]]></system-out>
  <system-err><![CDATA[--Output from test lista--
--Output from test semestre--
--Output from test codigo institucional--
]]></system-err>
</testsuite>
