<?xml version="1.0" encoding="UTF-8" ?>
<testsuite errors="0" failures="0" hostname="Carlos" name="testingpractice.UsuarioSpec" tests="6" time="3.68" timestamp="2015-10-20T04:57:10">
  <properties />
  <testcase classname="testingpractice.UsuarioSpec" name="Prueba de nombre" time="1.313" />
  <testcase classname="testingpractice.UsuarioSpec" name="Prueba apellido" time="0.677" />
  <testcase classname="testingpractice.UsuarioSpec" name="Prueba de edad" time="0.252" />
  <testcase classname="testingpractice.UsuarioSpec" name="Prueba genero" time="0.403" />
  <testcase classname="testingpractice.UsuarioSpec" name="Prueba cedula" time="0.136" />
  <testcase classname="testingpractice.UsuarioSpec" name="test cedula unica" time="0.82" />
  <system-out><![CDATA[--Output from Prueba de nombre--
--Output from Prueba apellido--
--Output from Prueba de edad--
--Output from Prueba genero--
--Output from Prueba cedula--
--Output from test cedula unica--
]]></system-out>
  <system-err><![CDATA[--Output from Prueba de nombre--
--Output from Prueba apellido--
--Output from Prueba de edad--
--Output from Prueba genero--
--Output from Prueba cedula--
--Output from test cedula unica--
]]></system-err>
</testsuite>
