<?xml version="1.0" encoding="UTF-8" ?>
<testsuite errors="0" failures="0" hostname="Niki-PC" name="testingpractice.ProfesorSpec" tests="2" time="0.29" timestamp="2015-10-20T02:36:02">
  <properties />
  <testcase classname="testingpractice.ProfesorSpec" name="test oficina" time="0.255" />
  <testcase classname="testingpractice.ProfesorSpec" name="test lista" time="0.024" />
  <system-out><![CDATA[--Output from test oficina--
--Output from test lista--
]]></system-out>
  <system-err><![CDATA[--Output from test oficina--
--Output from test lista--
]]></system-err>
</testsuite>
